[2020-03-04T21:23:07.717] [DEBUG] cheese - login => username:pp,password:123456
[2020-03-04T21:23:07.720] [DEBUG] cheese - pp
[2020-03-04T21:23:07.739] [DEBUG] cheese - null
[2020-03-04T21:23:07.740] [DEBUG] cheese - null
[2020-03-04T21:23:38.415] [DEBUG] cheese - login => username:admin,password:123456
[2020-03-04T21:23:38.415] [DEBUG] cheese - admin
[2020-03-04T21:23:38.425] [DEBUG] cheese - null
[2020-03-04T21:23:38.427] [DEBUG] cheese - null
[2020-03-05T00:49:39.983] [DEBUG] cheese - login => username:peng,password:123456
[2020-03-05T00:49:39.986] [DEBUG] cheese - peng
[2020-03-05T00:49:40.019] [DEBUG] cheese - null
[2020-03-05T00:49:40.020] [DEBUG] cheese - null
[2020-03-05T00:50:14.408] [DEBUG] cheese - login => username:peng,password:123456
[2020-03-05T00:50:14.409] [DEBUG] cheese - peng
[2020-03-05T00:50:14.416] [DEBUG] cheese - null
[2020-03-05T00:50:14.416] [DEBUG] cheese - null
[2020-03-05T00:51:04.330] [DEBUG] cheese - login => username:peng,password:123456
[2020-03-05T00:51:04.331] [DEBUG] cheese - peng
[2020-03-05T00:51:04.334] [DEBUG] cheese - null
[2020-03-05T00:51:04.334] [DEBUG] cheese - null
[2020-03-05T00:52:08.491] [DEBUG] cheese - login => username:peng,password:123456
[2020-03-05T00:52:08.491] [DEBUG] cheese - peng
[2020-03-05T00:52:08.495] [DEBUG] cheese - null
[2020-03-05T00:52:08.495] [DEBUG] cheese - null
[2020-03-05T00:52:30.367] [DEBUG] cheese - login => username:admin,password:123456
[2020-03-05T00:52:30.368] [DEBUG] cheese - admin
[2020-03-05T00:52:30.379] [DEBUG] cheese - null
[2020-03-05T00:52:30.379] [DEBUG] cheese - null
[2020-03-05T00:58:28.002] [DEBUG] cheese - login => username:peng,password:123456
[2020-03-05T00:58:28.002] [DEBUG] cheese - peng
[2020-03-05T00:58:28.005] [DEBUG] cheese - null
[2020-03-05T00:58:28.005] [DEBUG] cheese - null
[2020-03-05T00:58:45.236] [DEBUG] cheese - login => username:peng,password:123456
[2020-03-05T00:58:45.236] [DEBUG] cheese - peng
[2020-03-05T00:58:45.241] [DEBUG] cheese - null
[2020-03-05T00:58:45.241] [DEBUG] cheese - null
[2020-03-05T01:19:48.055] [DEBUG] cheese - login => username:admin,password:123456
[2020-03-05T01:19:48.055] [DEBUG] cheese - admin
[2020-03-05T01:19:48.058] [DEBUG] cheese - null
[2020-03-05T01:19:48.059] [DEBUG] cheese - null
[2020-03-05T01:21:34.876] [DEBUG] cheese - login => username:admin,password:123456
[2020-03-05T01:21:34.877] [DEBUG] cheese - admin
[2020-03-05T01:21:34.881] [DEBUG] cheese - null
[2020-03-05T01:21:34.882] [DEBUG] cheese - null
[2020-03-05T01:22:46.902] [DEBUG] cheese - login => username:admin,password:123456
[2020-03-05T01:22:46.902] [DEBUG] cheese - admin
[2020-03-05T01:22:46.905] [DEBUG] cheese - null
[2020-03-05T01:22:46.905] [DEBUG] cheese - null
[2020-03-05T01:35:50.602] [DEBUG] cheese - login => username:admin,password:123456
[2020-03-05T01:35:50.602] [DEBUG] cheese - admin
[2020-03-05T01:35:50.606] [DEBUG] cheese - null
[2020-03-05T01:35:50.606] [DEBUG] cheese - null
[2020-03-05T01:39:12.152] [DEBUG] cheese - login => username:admin,password:123456
[2020-03-05T01:39:12.152] [DEBUG] cheese - admin
[2020-03-05T01:39:12.155] [DEBUG] cheese - null
[2020-03-05T01:39:12.155] [DEBUG] cheese - null
[2020-03-05T01:40:42.516] [DEBUG] cheese - login => username:admin,password:123456
[2020-03-05T01:40:42.516] [DEBUG] cheese - admin
[2020-03-05T01:40:42.519] [DEBUG] cheese - null
[2020-03-05T01:40:42.519] [DEBUG] cheese - null
